# JRE version: Java(TM) SE Runtime Environment (8.0_45-b14) (build 1.8.0_45-b14)
# Java VM: Java HotSpot(TM) 64-Bit Server VM (25.45-b02 mixed mode bsd-amd64 compressed oops)
Heap:
 PSYoungGen      total 231936K, used 24113K [0x00000007aab00000, 0x00000007bb180000, 0x00000007c0000000)
  eden space 212480K, 3% used [0x00000007aab00000,0x00000007ab269ee8,0x00000007b7a80000)
  from space 19456K, 84% used [0x00000007b9e80000,0x00000007baea2790,0x00000007bb180000)
  to   space 28160K, 0% used [0x00000007b7a80000,0x00000007b7a80000,0x00000007b9600000)
 ParOldGen       total 145920K, used 68162K [0x0000000780000000, 0x0000000788e80000, 0x00000007aab00000)
  object space 145920K, 46% used [0x0000000780000000,0x00000007842908b0,0x0000000788e80000)
 Metaspace       used 99384K, capacity 137339K, committed 137640K, reserved 1146880K
  class space    used 27362K, capacity 40535K, committed 40624K, reserved 1048576K
GC Heap History (10 events):
Event: 67554.484 GC heap before
{Heap before GC invocations=32 (full 4):
 PSYoungGen      total 285184K, used 284479K [0x00000007aab00000, 0x00000007be500000, 0x00000007c0000000)
  eden space 258048K, 99% used [0x00000007aab00000,0x00000007ba654698,0x00000007ba700000)
  from space 27136K, 99% used [0x00000007bb100000,0x00000007bcb7b920,0x00000007bcb80000)
  to   space 26112K, 0% used [0x00000007bcb80000,0x00000007bcb80000,0x00000007be500000)
 ParOldGen       total 145920K, used 68106K [0x0000000780000000, 0x0000000788e80000, 0x00000007aab00000)
  object space 145920K, 46% used [0x0000000780000000,0x00000007842828b0,0x0000000788e80000)
 Metaspace       used 97918K, capacity 134961K, committed 135208K, reserved 1144832K
  class space    used 26897K, capacity 39652K, committed 39728K, reserved 1048576K
Event: 67555.282 GC heap after
Heap after GC invocations=32 (full 4):
 PSYoungGen      total 265216K, used 16655K [0x00000007aab00000, 0x00000007bdc00000, 0x00000007c0000000)
  eden space 248320K, 0% used [0x00000007aab00000,0x00000007aab00000,0x00000007b9d80000)
  from space 16896K, 98% used [0x00000007bcb80000,0x00000007bdbc3c90,0x00000007bdc00000)
  to   space 31232K, 0% used [0x00000007b9f00000,0x00000007b9f00000,0x00000007bbd80000)
 ParOldGen       total 145920K, used 68122K [0x0000000780000000, 0x0000000788e80000, 0x00000007aab00000)
  object space 145920K, 46% used [0x0000000780000000,0x00000007842868b0,0x0000000788e80000)
 Metaspace       used 97918K, capacity 134961K, committed 135208K, reserved 1144832K
  class space    used 26897K, capacity 39652K, committed 39728K, reserved 1048576K
}
Event: 68401.599 GC heap before
{Heap before GC invocations=33 (full 4):
 PSYoungGen      total 265216K, used 264975K [0x00000007aab00000, 0x00000007bdc00000, 0x00000007c0000000)
  eden space 248320K, 100% used [0x00000007aab00000,0x00000007b9d80000,0x00000007b9d80000)
  from space 16896K, 98% used [0x00000007bcb80000,0x00000007bdbc3c90,0x00000007bdc00000)
  to   space 31232K, 0% used [0x00000007b9f00000,0x00000007b9f00000,0x00000007bbd80000)
 ParOldGen       total 145920K, used 68122K [0x0000000780000000, 0x0000000788e80000, 0x00000007aab00000)
  object space 145920K, 46% used [0x0000000780000000,0x00000007842868b0,0x0000000788e80000)
 Metaspace       used 98333K, capacity 135563K, committed 135592K, reserved 1144832K
  class space    used 27015K, capacity 39836K, committed 39856K, reserved 1048576K
Event: 68402.117 GC heap after
Heap after GC invocations=33 (full 4):
 PSYoungGen      total 256000K, used 16969K [0x00000007aab00000, 0x00000007bd000000, 0x00000007c0000000)
  eden space 238592K, 0% used [0x00000007aab00000,0x00000007aab00000,0x00000007b9400000)
  from space 17408K, 97% used [0x00000007b9f00000,0x00000007baf927a0,0x00000007bb000000)
  to   space 30720K, 0% used [0x00000007bb200000,0x00000007bb200000,0x00000007bd000000)
 ParOldGen       total 145920K, used 68138K [0x0000000780000000, 0x0000000788e80000, 0x00000007aab00000)
  object space 145920K, 46% used [0x0000000780000000,0x000000078428a8b0,0x0000000788e80000)
 Metaspace       used 98333K, capacity 135563K, committed 135592K, reserved 1144832K
  class space    used 27015K, capacity 39836K, committed 39856K, reserved 1048576K
}
Event: 69839.259 GC heap before
{Heap before GC invocations=34 (full 4):
 PSYoungGen      total 256000K, used 255561K [0x00000007aab00000, 0x00000007bd000000, 0x00000007c0000000)
  eden space 238592K, 100% used [0x00000007aab00000,0x00000007b9400000,0x00000007b9400000)
  from space 17408K, 97% used [0x00000007b9f00000,0x00000007baf927a0,0x00000007bb000000)
  to   space 30720K, 0% used [0x00000007bb200000,0x00000007bb200000,0x00000007bd000000)
 ParOldGen       total 145920K, used 68138K [0x0000000780000000, 0x0000000788e80000, 0x00000007aab00000)
  object space 145920K, 46% used [0x0000000780000000,0x000000078428a8b0,0x0000000788e80000)
 Metaspace       used 98452K, capacity 135837K, committed 136104K, reserved 1144832K
  class space    used 27069K, capacity 40018K, committed 40112K, reserved 1048576K
Event: 69839.832 GC heap after
Heap after GC invocations=34 (full 4):
 PSYoungGen      total 248832K, used 16226K [0x00000007aab00000, 0x00000007bc500000, 0x00000007c0000000)
  eden space 229376K, 0% used [0x00000007aab00000,0x00000007aab00000,0x00000007b8b00000)
  from space 19456K, 83% used [0x00000007bb200000,0x00000007bc1d8b30,0x00000007bc500000)
  to   space 29696K, 0% used [0x00000007b8b00000,0x00000007b8b00000,0x00000007ba800000)
 ParOldGen       total 145920K, used 68146K [0x0000000780000000, 0x0000000788e80000, 0x00000007aab00000)
  object space 145920K, 46% used [0x0000000780000000,0x000000078428c8b0,0x0000000788e80000)
 Metaspace       used 98452K, capacity 135837K, committed 136104K, reserved 1144832K
  class space    used 27069K, capacity 40018K, committed 40112K, reserved 1048576K
}
Event: 74015.459 GC heap before
{Heap before GC invocations=35 (full 4):
 PSYoungGen      total 248832K, used 245602K [0x00000007aab00000, 0x00000007bc500000, 0x00000007c0000000)
  eden space 229376K, 100% used [0x00000007aab00000,0x00000007b8b00000,0x00000007b8b00000)
  from space 19456K, 83% used [0x00000007bb200000,0x00000007bc1d8b30,0x00000007bc500000)
  to   space 29696K, 0% used [0x00000007b8b00000,0x00000007b8b00000,0x00000007ba800000)
 ParOldGen       total 145920K, used 68146K [0x0000000780000000, 0x0000000788e80000, 0x00000007aab00000)
  object space 145920K, 46% used [0x0000000780000000,0x000000078428c8b0,0x0000000788e80000)
 Metaspace       used 98692K, capacity 136223K, committed 136488K, reserved 1144832K
  class space    used 27149K, capacity 40152K, committed 40240K, reserved 1048576K
Event: 74015.814 GC heap after
Heap after GC invocations=35 (full 4):
 PSYoungGen      total 237056K, used 16298K [0x00000007aab00000, 0x00000007bba80000, 0x00000007c0000000)
  eden space 220672K, 0% used [0x00000007aab00000,0x00000007aab00000,0x00000007b8280000)
  from space 16384K, 99% used [0x00000007b8b00000,0x00000007b9aeabd0,0x00000007b9b00000)
  to   space 28672K, 0% used [0x00000007b9e80000,0x00000007b9e80000,0x00000007bba80000)
 ParOldGen       total 145920K, used 68154K [0x0000000780000000, 0x0000000788e80000, 0x00000007aab00000)
  object space 145920K, 46% used [0x0000000780000000,0x000000078428e8b0,0x0000000788e80000)
 Metaspace       used 98692K, capacity 136223K, committed 136488K, reserved 1144832K
  class space    used 27149K, capacity 40152K, committed 40240K, reserved 1048576K
}
Event: 76590.112 GC heap before
{Heap before GC invocations=36 (full 4):
 PSYoungGen      total 237056K, used 236970K [0x00000007aab00000, 0x00000007bba80000, 0x00000007c0000000)
  eden space 220672K, 100% used [0x00000007aab00000,0x00000007b8280000,0x00000007b8280000)
  from space 16384K, 99% used [0x00000007b8b00000,0x00000007b9aeabd0,0x00000007b9b00000)
  to   space 28672K, 0% used [0x00000007b9e80000,0x00000007b9e80000,0x00000007bba80000)
 ParOldGen       total 145920K, used 68154K [0x0000000780000000, 0x0000000788e80000, 0x00000007aab00000)
  object space 145920K, 46% used [0x0000000780000000,0x000000078428e8b0,0x0000000788e80000)
 Metaspace       used 99384K, capacity 137339K, committed 137640K, reserved 1146880K
  class space    used 27362K, capacity 40535K, committed 40624K, reserved 1048576K
Event: 76590.404 GC heap after
Heap after GC invocations=36 (full 4):
 PSYoungGen      total 231936K, used 16521K [0x00000007aab00000, 0x00000007bb180000, 0x00000007c0000000)
  eden space 212480K, 0% used [0x00000007aab00000,0x00000007aab00000,0x00000007b7a80000)
  from space 19456K, 84% used [0x00000007b9e80000,0x00000007baea2790,0x00000007bb180000)
  to   space 28160K, 0% used [0x00000007b7a80000,0x00000007b7a80000,0x00000007b9600000)
 ParOldGen       total 145920K, used 68162K [0x0000000780000000, 0x0000000788e80000, 0x00000007aab00000)
  object space 145920K, 46% used [0x0000000780000000,0x00000007842908b0,0x0000000788e80000)
 Metaspace       used 99384K, capacity 137339K, committed 137640K, reserved 1146880K
  class space    used 27362K, capacity 40535K, committed 40624K, reserved 1048576K
}

